Collection status has changed. 1
Collection has been started.
Collection status has changed.
Collection has stopped. Application exit code:  -1073741510
Finalizing results
Finalizing the result
Clearing the database
The database has been cleared, elapsed time is 0.405 seconds.
Loading raw data to the database
Loading 'systemcollector-23060-LAPTOP-PEJP4GA9.sc' file
Loading '14020-12256.0.trace' file
Updating precomputed scalar metrics
Raw data has been loaded to the database, elapsed time is 0.516 seconds.
Processing profile metrics and debug information
Data transformations have been finished, elapsed time is 0.002 seconds.
Setting data model parameters
Resolving module symbols
Resolving information for `KERNEL32.DLL'
Resolving information for `Fred2timd.exe'
Resolving information for `KERNELBASE.dll'
Resolving information for `ntdll.dll'
Warning: Cannot locate debugging information for file `C:\WINDOWS\System32\KERNEL32.DLL'.
Resolving information for `tpsstool.dll'
Warning: Cannot locate debugging information for file `C:\WINDOWS\System32\KERNELBASE.dll'.
Warning: Cannot locate debugging information for file `C:\WINDOWS\SYSTEM32\ntdll.dll'.
Warning: Cannot locate debugging information for file `D:\Program Files (x86)\Intel\oneAPI\advisor\2021.3.0\bin64\tpsstool.dll'.
Resolving bottom user stack information
Resolving thread name information
Resolving call target names for dynamic code
Symbol resolution has been finished, elapsed time is 1.091 seconds.
Processing profile metrics and debug information
Deferred data transformations have been finished, elapsed time is 0.031 seconds.
Setting data model parameters
Data model parameters have been set, elapsed time is 0.027 seconds.
Precomputing frequently used data
Precomputing frequently used data
Updating precomputed scalar metrics
Precomputing frequently used data has been finished, elapsed time is 0.064 seconds.
Discarding redundant overtime data
Saving the result
Redundant overtime data has been discarded, elapsed time is 0.035 seconds.
Raw collector data has been discarded, elapsed time is 0.000 seconds.
Finalizing the result took 2.650 seconds.
Preparing data for display of survey call tree
Resolving module symbols
Resolving information for dangling locations
Resolving bottom user stack information
Resolving thread name information
Resolving call target names for dynamic code
Precomputing frequently used data
