62 [11304] INFO perfrun.launcher <> - Launcher main begin
71 [11304] INFO perfrun.launcher <> - MessageCatalogInit finished
71 [11304] INFO perfrun.launcher <> - Launcher instance created
71 [11304] INFO perfrun.launcher <> - argc = 6; cmdline = D:\Program Files (x86)\Intel\oneAPI\advisor\2021.3.0\bin64\advixe-runss.exe --ui-output-format xml --ui-output-fd 4328 --context-value-list 
84 [11304] INFO perfrun.launcher <> - New signal handler callback was added
214 [11304] INFO perfrun.launcher <> - create msngr2::ICliToolContext
215 [11304] INFO perfrun.launcher <> - create file finder object
232 [11304] INFO perfrun.launcher <> - Put into the variant bag the context value: name = targetOS; value = Windows
232 [11304] INFO perfrun.launcher <> - Put into the variant bag the context value: name = OS; value = Windows
233 [11304] INFO perfrun.launcher <> - Put into the variant bag the context value: name = OSBuildNumber; value = 22000
233 [11304] INFO perfrun.launcher <> - Put into the variant bag the context value: name = OSBitness; value = 64
233 [11304] INFO perfrun.launcher <> - Put into the variant bag the context value: name = AdministratorPrivileges; value = false
233 [11304] INFO perfrun.launcher <> - Put into the variant bag the context value: name = isPtraceScopeLimited; value = false
233 [11304] INFO perfrun.launcher <> - Put into the variant bag the context value: name = isCATSupportedByCPU; value = false
234 [11304] INFO perfrun.launcher <> - Put into the variant bag the context value: name = isL3MonitoringSupportedByCPU; value = false
234 [11304] INFO perfrun.launcher <> - Put into the variant bag the context value: name = isTSXAvailable; value = false
234 [11304] INFO perfrun.launcher <> - Put into the variant bag the context value: name = isPTAvailable; value = true
234 [11304] INFO perfrun.launcher <> - Put into the variant bag the context value: name = isHTEnabled; value = true
234 [11304] INFO perfrun.launcher <> - Put into the variant bag the context value: name = fpgaOnBoard; value = None
234 [11304] INFO perfrun.launcher <> - Put into the variant bag the context value: name = omniPathOnBoard; value = None
234 [11304] INFO perfrun.launcher <> - Put into the variant bag the context value: name = pciClassParts; value = 
234 [11304] INFO perfrun.launcher <> - Put into the variant bag the context value: name = isSGXAvailable; value = true
235 [11304] INFO perfrun.launcher <> - Put into the variant bag the context value: name = Hypervisor; value = None
235 [11304] INFO perfrun.launcher <> - Put into the variant bag the context value: name = PerfmonVersion; value = 4
235 [11304] INFO perfrun.launcher <> - Put into the variant bag the context value: name = isMaxDRAMBandwidthMeasurementSupported; value = false
235 [11304] INFO perfrun.launcher <> - Put into the variant bag the context value: name = tidValuesForIO; value = 
235 [11304] INFO perfrun.launcher <> - Put into the variant bag the context value: name = preferedGpuAdapter; value = 0:0:2.0
235 [11304] INFO perfrun.launcher <> - Put into the variant bag the context value: name = gpuAdapterNameList; value = 0:0:2.0|Intel(R) UHD Graphics 630;
235 [11304] INFO perfrun.launcher <> - Put into the variant bag the context value: name = gpuAdapterTileNameList; value = 0:0:2.0|Intel(R) UHD Graphics 630|0,;
235 [11304] INFO perfrun.launcher <> - Put into the variant bag the context value: name = areGpuHardwareMetricsAvailableList; value = 0:0:2.0|true;
235 [11304] INFO perfrun.launcher <> - Put into the variant bag the context value: name = gpuPlatformIndexList; value = 0:0:2.0|18;
235 [11304] INFO perfrun.launcher <> - Put into the variant bag the context value: name = isTPSSAvailable; value = true
235 [11304] INFO perfrun.launcher <> - Put into the variant bag the context value: name = isPytraceAvailable; value = true
236 [11304] INFO perfrun.launcher <> - Put into the variant bag the context value: name = isGENDebugInfoAvailableList; value = 0:0:2.0|true;
236 [11304] INFO perfrun.launcher <> - Put into the variant bag the context value: name = isGTPinCollectionAvailableList; value = 0:0:2.0|true;
236 [11304] INFO perfrun.launcher <> - Put into the variant bag the context value: name = forceShowInlines; value = false
236 [11304] INFO perfrun.launcher <> - Application exit code: 0
236 [11304] INFO perfrun.launcher <> - Exit code: 0
